# JRE version: OpenJDK Runtime Environment (11.0.8+10) (build 11.0.8+10-b944.6842174)
# Java VM: OpenJDK 64-Bit Server VM (11.0.8+10-b944.6842174, mixed mode, tiered, compressed oops, g1 gc, windows-amd64)
Heap:
 garbage-first heap   total 505856K, used 254219K [0x0000000080000000, 0x0000000100000000)
  region size 1024K, 121 young (123904K), 12 survivors (12288K)
 Metaspace       used 97130K, capacity 99611K, committed 99916K, reserved 1136640K
  class space    used 12404K, capacity 13319K, committed 13388K, reserved 1048576K
GC Heap History (20 events):
Event: 101.198 GC heap before
{Heap before GC invocations=101 (full 0):
 garbage-first heap   total 287744K, used 241487K [0x0000000080000000, 0x0000000100000000)
  region size 1024K, 119 young (121856K), 7 survivors (7168K)
 Metaspace       used 95145K, capacity 97586K, committed 97868K, reserved 1134592K
  class space    used 12199K, capacity 13064K, committed 13132K, reserved 1048576K
}
Event: 101.218 GC heap after
{Heap after GC invocations=102 (full 0):
 garbage-first heap   total 287744K, used 127873K [0x0000000080000000, 0x0000000100000000)
  region size 1024K, 8 young (8192K), 8 survivors (8192K)
 Metaspace       used 95145K, capacity 97586K, committed 97868K, reserved 1134592K
  class space    used 12199K, capacity 13064K, committed 13132K, reserved 1048576K
}
Event: 101.981 GC heap before
{Heap before GC invocations=102 (full 0):
 garbage-first heap   total 287744K, used 243585K [0x0000000080000000, 0x0000000100000000)
  region size 1024K, 121 young (123904K), 8 survivors (8192K)
 Metaspace       used 95201K, capacity 97586K, committed 97868K, reserved 1134592K
  class space    used 12208K, capacity 13064K, committed 13132K, reserved 1048576K
}
Event: 102.005 GC heap after
{Heap after GC invocations=103 (full 0):
 garbage-first heap   total 366592K, used 128623K [0x0000000080000000, 0x0000000100000000)
  region size 1024K, 8 young (8192K), 8 survivors (8192K)
 Metaspace       used 95201K, capacity 97586K, committed 97868K, reserved 1134592K
  class space    used 12208K, capacity 13064K, committed 13132K, reserved 1048576K
}
Event: 102.884 GC heap before
{Heap before GC invocations=103 (full 0):
 garbage-first heap   total 366592K, used 309871K [0x0000000080000000, 0x0000000100000000)
  region size 1024K, 185 young (189440K), 8 survivors (8192K)
 Metaspace       used 95694K, capacity 98107K, committed 98252K, reserved 1134592K
  class space    used 12281K, capacity 13154K, committed 13260K, reserved 1048576K
}
Event: 102.905 GC heap after
{Heap after GC invocations=104 (full 0):
 garbage-first heap   total 366592K, used 128992K [0x0000000080000000, 0x0000000100000000)
  region size 1024K, 9 young (9216K), 9 survivors (9216K)
 Metaspace       used 95694K, capacity 98107K, committed 98252K, reserved 1134592K
  class space    used 12281K, capacity 13154K, committed 13260K, reserved 1048576K
}
Event: 104.008 GC heap before
{Heap before GC invocations=104 (full 0):
 garbage-first heap   total 366592K, used 312288K [0x0000000080000000, 0x0000000100000000)
  region size 1024K, 188 young (192512K), 9 survivors (9216K)
 Metaspace       used 96601K, capacity 99081K, committed 99404K, reserved 1134592K
  class space    used 12388K, capacity 13275K, committed 13388K, reserved 1048576K
}
Event: 104.031 GC heap after
{Heap after GC invocations=105 (full 0):
 garbage-first heap   total 366592K, used 129647K [0x0000000080000000, 0x0000000100000000)
  region size 1024K, 9 young (9216K), 9 survivors (9216K)
 Metaspace       used 96601K, capacity 99081K, committed 99404K, reserved 1134592K
  class space    used 12388K, capacity 13275K, committed 13388K, reserved 1048576K
}
Event: 104.896 GC heap before
{Heap before GC invocations=105 (full 0):
 garbage-first heap   total 366592K, used 314991K [0x0000000080000000, 0x0000000100000000)
  region size 1024K, 190 young (194560K), 9 survivors (9216K)
 Metaspace       used 96654K, capacity 99171K, committed 99404K, reserved 1134592K
  class space    used 12394K, capacity 13283K, committed 13388K, reserved 1048576K
}
Event: 104.921 GC heap after
{Heap after GC invocations=106 (full 0):
 garbage-first heap   total 366592K, used 131087K [0x0000000080000000, 0x0000000100000000)
  region size 1024K, 11 young (11264K), 11 survivors (11264K)
 Metaspace       used 96654K, capacity 99171K, committed 99404K, reserved 1134592K
  class space    used 12394K, capacity 13283K, committed 13388K, reserved 1048576K
}
Event: 105.702 GC heap before
{Heap before GC invocations=106 (full 0):
 garbage-first heap   total 366592K, used 317455K [0x0000000080000000, 0x0000000100000000)
  region size 1024K, 192 young (196608K), 11 survivors (11264K)
 Metaspace       used 96791K, capacity 99263K, committed 99404K, reserved 1134592K
  class space    used 12394K, capacity 13284K, committed 13388K, reserved 1048576K
}
Event: 105.745 GC heap after
{Heap after GC invocations=107 (full 0):
 garbage-first heap   total 436224K, used 138863K [0x0000000080000000, 0x0000000100000000)
  region size 1024K, 18 young (18432K), 18 survivors (18432K)
 Metaspace       used 96791K, capacity 99263K, committed 99404K, reserved 1134592K
  class space    used 12394K, capacity 13284K, committed 13388K, reserved 1048576K
}
Event: 106.819 GC heap before
{Heap before GC invocations=107 (full 0):
 garbage-first heap   total 436224K, used 341615K [0x0000000080000000, 0x0000000100000000)
  region size 1024K, 214 young (219136K), 18 survivors (18432K)
 Metaspace       used 97012K, capacity 99535K, committed 99660K, reserved 1136640K
  class space    used 12401K, capacity 13317K, committed 13388K, reserved 1048576K
}
Event: 106.856 GC heap after
{Heap after GC invocations=108 (full 0):
 garbage-first heap   total 436224K, used 139644K [0x0000000080000000, 0x0000000100000000)
  region size 1024K, 14 young (14336K), 14 survivors (14336K)
 Metaspace       used 97012K, capacity 99535K, committed 99660K, reserved 1136640K
  class space    used 12401K, capacity 13317K, committed 13388K, reserved 1048576K
}
Event: 107.482 GC heap before
{Heap before GC invocations=108 (full 0):
 garbage-first heap   total 436224K, used 349564K [0x0000000080000000, 0x0000000100000000)
  region size 1024K, 219 young (224256K), 14 survivors (14336K)
 Metaspace       used 97042K, capacity 99537K, committed 99660K, reserved 1136640K
  class space    used 12401K, capacity 13317K, committed 13388K, reserved 1048576K
}
Event: 107.520 GC heap after
{Heap after GC invocations=109 (full 0):
 garbage-first heap   total 436224K, used 143740K [0x0000000080000000, 0x0000000100000000)
  region size 1024K, 20 young (20480K), 20 survivors (20480K)
 Metaspace       used 97042K, capacity 99537K, committed 99660K, reserved 1136640K
  class space    used 12401K, capacity 13317K, committed 13388K, reserved 1048576K
}
Event: 108.263 GC heap before
{Heap before GC invocations=109 (full 0):
 garbage-first heap   total 436224K, used 358780K [0x0000000080000000, 0x0000000100000000)
  region size 1024K, 230 young (235520K), 20 survivors (20480K)
 Metaspace       used 97060K, capacity 99601K, committed 99916K, reserved 1136640K
  class space    used 12401K, capacity 13317K, committed 13388K, reserved 1048576K
}
Event: 108.295 GC heap after
{Heap after GC invocations=110 (full 0):
 garbage-first heap   total 436224K, used 141579K [0x0000000080000000, 0x0000000100000000)
  region size 1024K, 10 young (10240K), 10 survivors (10240K)
 Metaspace       used 97060K, capacity 99601K, committed 99916K, reserved 1136640K
  class space    used 12401K, capacity 13317K, committed 13388K, reserved 1048576K
}
Event: 109.278 GC heap before
{Heap before GC invocations=110 (full 0):
 garbage-first heap   total 436224K, used 358667K [0x0000000080000000, 0x0000000100000000)
  region size 1024K, 223 young (228352K), 10 survivors (10240K)
 Metaspace       used 97082K, capacity 99603K, committed 99916K, reserved 1136640K
  class space    used 12402K, capacity 13317K, committed 13388K, reserved 1048576K
}
Event: 109.299 GC heap after
{Heap after GC invocations=111 (full 0):
 garbage-first heap   total 505856K, used 140043K [0x0000000080000000, 0x0000000100000000)
  region size 1024K, 9 young (9216K), 9 survivors (9216K)
 Metaspace       used 97082K, capacity 99603K, committed 99916K, reserved 1136640K
  class space    used 12402K, capacity 13317K, committed 13388K, reserved 1048576K
}

